[info] tables=80 start_index=0
[start] (1/80) CY_Admin
[done] CY_Admin rows=0
[start] (2/80) CY_announce
[done] CY_announce rows=0
[start] (3/80) CY_announce2
[done] CY_announce2 rows=0
[start] (4/80) CY_bumen
[done] CY_bumen rows=0
[start] (5/80) CY_cks
[done] CY_cks rows=0
[start] (6/80) CY_class
[done] CY_class rows=0
[start] (7/80) cy_class2
[done] cy_class2 rows=0
[start] (8/80) cy_class3
[done] cy_class3 rows=0
[start] (9/80) cy_class4
[done] cy_class4 rows=0
[start] (10/80) cy_class5
[done] cy_class5 rows=0
[start] (11/80) cy_class6
[done] cy_class6 rows=0
[start] (12/80) CY_countshop
[done] CY_countshop rows=0
[start] (13/80) CY_counttotal
[done] CY_counttotal rows=0
[start] (14/80) CY_down
[done] CY_down rows=0
[start] (15/80) CY_FAQ
[done] CY_FAQ rows=0
[start] (16/80) CY_feedback
[done] CY_feedback rows=0
[start] (17/80) CY_feedback1
[done] CY_feedback1 rows=0
[start] (18/80) cy_feedbackclass
[done] cy_feedbackclass rows=0
[start] (19/80) CY_file
[done] CY_file rows=0
[start] (20/80) CY_game
[done] CY_game rows=0
[start] (21/80) CY_hdgg
[done] CY_hdgg rows=0
[start] (22/80) cy_hdgg2
[done] cy_hdgg2 rows=0
[start] (23/80) cy_hdggclass
[done] cy_hdggclass rows=0
[start] (24/80) cy_hdggclass2
[done] cy_hdggclass2 rows=0
[start] (25/80) CY_hdtp
[done] CY_hdtp rows=0
[start] (26/80) CY_hdtpclass
[done] CY_hdtpclass rows=0
[start] (27/80) CY_hltz
[done] CY_hltz rows=0
[start] (28/80) CY_job
[done] CY_job rows=0
[start] (29/80) CY_jobs
[done] CY_jobs rows=0
[start] (30/80) CY_link
[done] CY_link rows=0
[start] (31/80) CY_log
[done] CY_log rows=0
[start] (32/80) CY_magazine
[done] CY_magazine rows=0
[start] (33/80) CY_News
[done] CY_News rows=0
[start] (34/80) cy_news1
[done] cy_news1 rows=0
[start] (35/80) cy_news2
[done] cy_news2 rows=0
[start] (36/80) cy_news3
[done] cy_news3 rows=0
[start] (37/80) cy_news4
[done] cy_news4 rows=0
[start] (38/80) cy_news5
[done] cy_news5 rows=0
[start] (39/80) cy_news6
[done] cy_news6 rows=0
[start] (40/80) cy_photobox
[done] cy_photobox rows=0
[start] (41/80) CY_product
[done] CY_product rows=0
[start] (42/80) CY_productclass
[done] CY_productclass rows=0
[start] (43/80) cy_productsclass
[done] cy_productsclass rows=0
[start] (44/80) CY_QQ
[done] CY_QQ rows=0
[start] (45/80) CY_QQclass
[done] CY_QQclass rows=0
[start] (46/80) CY_sp
[done] CY_sp rows=0
[start] (47/80) CY_spclass
[done] CY_spclass rows=0
[start] (48/80) CY_tishi
[done] CY_tishi rows=0
[start] (49/80) CY_tongzhi
[done] CY_tongzhi rows=0
[start] (50/80) CY_tongzhiclass
[done] CY_tongzhiclass rows=0
[start] (51/80) CY_user
[done] CY_user rows=0
[start] (52/80) CY_userbal
[done] CY_userbal rows=0
[start] (53/80) CY_userbal_class
[done] CY_userbal_class rows=0
[start] (54/80) CY_vote
[done] CY_vote rows=0
[start] (55/80) CY_webinfo
[done] CY_webinfo rows=0
[start] (56/80) CY_wenhua
[done] CY_wenhua rows=0
[start] (57/80) CY_wenhuaclass
[done] CY_wenhuaclass rows=0
[start] (58/80) CY_xqxz
[done] CY_xqxz rows=0
[start] (59/80) CY_xqxz_users
[done] CY_xqxz_users rows=0
[start] (60/80) CY_yxyg
[done] CY_yxyg rows=0
[start] (61/80) CY_ztjq
[done] CY_ztjq rows=0
[start] (62/80) CY_ztjqclass
[done] CY_ztjqclass rows=0
[start] (63/80) CY_zxdc
[done] CY_zxdc rows=0
[start] (64/80) CY_zxyy
[done] CY_zxyy rows=0
[start] (65/80) guestbook
[done] guestbook rows=0
[start] (66/80) mast
[done] mast rows=0
[start] (67/80) CY_area
[done] CY_area rows=0
[start] (68/80) cy_class1
[done] cy_class1 rows=0
[start] (69/80) CY_countonline
[done] CY_countonline rows=0
[start] (70/80) CY_feedback2
[done] CY_feedback2 rows=0
[start] (71/80) CY_hltzclass
[done] CY_hltzclass rows=0
[start] (72/80) CY_photo
[done] CY_photo rows=0
[start] (73/80) CY_Products
[done] CY_Products rows=0
[start] (74/80) cy_tishiclass
[done] cy_tishiclass rows=0
[start] (75/80) CY_wall
[done] CY_wall rows=0
[start] (76/80) CY_yxtd
[done] CY_yxtd rows=0
[start] (77/80) cy_config
[done] cy_config rows=0
[start] (78/80) CY_feedback3
[done] CY_feedback3 rows=0
[start] (79/80) cy_news3_输出错误
[done] cy_news3_输出错误 rows=0
[start] (80/80) CY_feedback2_输出错误
[done] CY_feedback2_输出错误 rows=0
